{"content": {"suites": {"0": {"status": {"total_pass": 0, "total_skip": 0, "total_xpass": 0, "total_xfail": 0, "total_rerun": 0, "total_fail": 1, "total_error": 0}, "tests": {"0": {"status": "FAIL", "message": "   selenium.common.exceptions.NoSuchElementException: Message: no such element: Unable to locate element: {\"method\":\"xpath\",\"selector\":\"//label[contains(text(), 'Your Time Zone as set in My Preferences')]\"}\n     (Session info: chrome=123.0.6312.88)\n   Stacktrace:\n   \tGetHandleVerifier [0x00624CE3+225091]\n   \t(No symbol) [0x00554E31]\n   \t(No symbol) [0x003F9A7A]\n   \t(No symbol) [0x0043175B]\n   \t(No symbol) [0x0043188B]\n   \t(No symbol) [0x00467882]\n   \t(No symbol) [0x0044F5A4]\n   \t(No symbol) [0x00465CB0]\n   \t(No symbol) [0x0044F2F6]\n   \t(No symbol) [0x004279B9]\n   \t(No symbol) [0x0042879D]\n   \tsqlite3_dbdata_init [0x00A99A83+4064547]\n   \tsqlite3_dbdata_init [0x00AA108A+4094762]\n   \tsqlite3_dbdata_init [0x00A9B988+4072488]\n   \tsqlite3_dbdata_init [0x0079C9E9+930953]\n   \t(No symbol) [0x00560804]\n   \t(No symbol) [0x0055AD28]\n   \t(No symbol) [0x0055AE51]\n   \t(No symbol) [0x0054CAC0]\n   \tBaseThreadInitThunk [0x77B1FCC9+25]\n   \tRtlGetAppContainerNamedObjectPath [0x77D37C5E+286]\n   \tRtlGetAppContainerNamedObjectPath [0x77D37C2E+238]\n   selenium.common.exceptions.ElementClickInterceptedException: Message: element click intercepted: Element <input data-setting-search=\"true\" data-setting-key-map=\"AllowMemberTimeZone\" data-ui-models=\"[object Object]\" data-qa=\"regional_settings_allow_user_to_set_time_zone_format_cb\" id=\"YLR6OTcz3A\" type=\"checkbox\" class=\"css-10nxdey\" value=\"\"> is not clickable at point (356, 250). Other element would receive the click: <label data-qa=\"regional_settings_allow_user_to_set_time_zone_format_cb-label\" for=\"YLR6OTcz3A\" class=\"css-129ak9u\">...</label>\n     (Session info: chrome=123.0.6312.88)\n   Stacktrace:\n   \tGetHandleVerifier [0x00624CE3+225091]\n   \t(No symbol) [0x00554E31]\n   \t(No symbol) [0x003F9A7A]\n   \t(No symbol) [0x00436D42]\n   \t(No symbol) [0x00435574]\n   \t(No symbol) [0x004335DB]\n   \t(No symbol) [0x004327BA]\n   \t(No symbol) [0x004298DE]\n   \t(No symbol) [0x0044F55C]\n   \t(No symbol) [0x0042930E]\n   \t(No symbol) [0x0044F7F4]\n   \t(No symbol) [0x00465CB0]\n   \t(No symbol) [0x0044F2F6]\n   \t(No symbol) [0x004279B9]\n   \t(No symbol) [0x0042879D]\n   \tsqlite3_dbdata_init [0x00A99A83+4064547]\n   \tsqlite3_dbdata_init [0x00AA108A+4094762]\n   \tsqlite3_dbdata_init [0x00A9B988+4072488]\n   \tsqlite3_dbdata_init [0x0079C9E9+930953]\n   \t(No symbol) [0x00560804]\n   \t(No symbol) [0x0055AD28]\n   \t(No symbol) [0x0055AE51]\n   \t(No symbol) [0x0054CAC0]\n   \tBaseThreadInitThunk [0x77B1FCC9+25]\n   \tRtlGetAppContainerNamedObjectPath [0x77D37C5E+286]\n   \tRtlGetAppContainerNamedObjectPath [0x77D37C2E+238]\n", "test_name": "test_verify_date_time_format", "rerun": "0"}}, "suite_name": "test_verify_date_time_format.py"}}}, "date": "April 05, 2024", "start_time": 1712315217.4842072, "total_suite": 1, "status": "FAIL", "status_list": {"pass": "0", "fail": "1", "skip": "0", "error": "0", "xpass": "0", "xfail": "0", "rerun": "0"}, "total_tests": "1"}