{"content": {"suites": {"0": {"status": {"total_pass": 0, "total_skip": 0, "total_xpass": 0, "total_xfail": 0, "total_rerun": 0, "total_fail": 1, "total_error": 0}, "tests": {"0": {"status": "FAIL", "message": "   selenium.common.exceptions.TimeoutException: Message: \n   Stacktrace:\n   \tGetHandleVerifier [0x00F74CC3+225091]\n   \t(No symbol) [0x00EA4E11]\n   \t(No symbol) [0x00D49A7A]\n   \t(No symbol) [0x00D8175B]\n   \t(No symbol) [0x00D8188B]\n   \t(No symbol) [0x00DB7882]\n   \t(No symbol) [0x00D9F5A4]\n   \t(No symbol) [0x00DB5CB0]\n   \t(No symbol) [0x00D9F2F6]\n   \t(No symbol) [0x00D779B9]\n   \t(No symbol) [0x00D7879D]\n   \tsqlite3_dbdata_init [0x013E9A63+4064547]\n   \tsqlite3_dbdata_init [0x013F106A+4094762]\n   \tsqlite3_dbdata_init [0x013EB968+4072488]\n   \tsqlite3_dbdata_init [0x010EC9C9+930953]\n   \t(No symbol) [0x00EB07E4]\n   \t(No symbol) [0x00EAAD08]\n   \t(No symbol) [0x00EAAE31]\n   \t(No symbol) [0x00E9CAA0]\n   \tBaseThreadInitThunk [0x7506FCC9+25]\n   \tRtlGetAppContainerNamedObjectPath [0x770A7C5E+286]\n   \tRtlGetAppContainerNamedObjectPath [0x770A7C2E+238]\n   selenium.common.exceptions.TimeoutException: Message: \n   Stacktrace:\n   \tGetHandleVerifier [0x00F74CC3+225091]\n   \t(No symbol) [0x00EA4E11]\n   \t(No symbol) [0x00D49A7A]\n   \t(No symbol) [0x00D8175B]\n   \t(No symbol) [0x00D8188B]\n   \t(No symbol) [0x00DB7882]\n   \t(No symbol) [0x00D9F5A4]\n   \t(No symbol) [0x00DB5CB0]\n   \t(No symbol) [0x00D9F2F6]\n   \t(No symbol) [0x00D779B9]\n   \t(No symbol) [0x00D7879D]\n   \tsqlite3_dbdata_init [0x013E9A63+4064547]\n   \tsqlite3_dbdata_init [0x013F106A+4094762]\n   \tsqlite3_dbdata_init [0x013EB968+4072488]\n   \tsqlite3_dbdata_init [0x010EC9C9+930953]\n   \t(No symbol) [0x00EB07E4]\n   \t(No symbol) [0x00EAAD08]\n   \t(No symbol) [0x00EAAE31]\n   \t(No symbol) [0x00E9CAA0]\n   \tBaseThreadInitThunk [0x7506FCC9+25]\n   \tRtlGetAppContainerNamedObjectPath [0x770A7C5E+286]\n   \tRtlGetAppContainerNamedObjectPath [0x770A7C2E+238]\n", "test_name": "test_verify_date_time_format", "rerun": "0"}}, "suite_name": "test_verify_date_time_format.py"}}}, "date": "March 29, 2024", "start_time": 1711708656.449783, "total_suite": 1, "status": "FAIL", "status_list": {"pass": "0", "fail": "1", "skip": "0", "error": "0", "xpass": "0", "xfail": "0", "rerun": "0"}, "total_tests": "1"}