{"content": {"suites": {"0": {"status": {"total_pass": 0, "total_skip": 0, "total_xpass": 0, "total_xfail": 0, "total_rerun": 0, "total_fail": 2, "total_error": 0}, "tests": {"0": {"status": "FAIL", "message": "   selenium.common.exceptions.TimeoutException: Message: \n   Stacktrace:\n   \tGetHandleVerifier [0x00804CE3+225091]\n   \t(No symbol) [0x00734E31]\n   \t(No symbol) [0x005D9A7A]\n   \t(No symbol) [0x0061175B]\n   \t(No symbol) [0x0061188B]\n   \t(No symbol) [0x00647882]\n   \t(No symbol) [0x0062F5A4]\n   \t(No symbol) [0x00645CB0]\n   \t(No symbol) [0x0062F2F6]\n   \t(No symbol) [0x006079B9]\n   \t(No symbol) [0x0060879D]\n   \tsqlite3_dbdata_init [0x00C79A83+4064547]\n   \tsqlite3_dbdata_init [0x00C8108A+4094762]\n   \tsqlite3_dbdata_init [0x00C7B988+4072488]\n   \tsqlite3_dbdata_init [0x0097C9E9+930953]\n   \t(No symbol) [0x00740804]\n   \t(No symbol) [0x0073AD28]\n   \t(No symbol) [0x0073AE51]\n   \t(No symbol) [0x0072CAC0]\n   \tBaseThreadInitThunk [0x77B1FCC9+25]\n   \tRtlGetAppContainerNamedObjectPath [0x77D37C5E+286]\n   \tRtlGetAppContainerNamedObjectPath [0x77D37C2E+238]\n", "test_name": "testReceiverReceivesEnvelope", "rerun": "0"}, "1": {"status": "FAIL", "message": "   AssertionError\n", "test_name": "test_verify_receiver_receives_copy", "rerun": "0"}}, "suite_name": "test_verify_receiver_receives_envelope.py"}}}, "date": "April 05, 2024", "start_time": 1712296096.5918221, "total_suite": 1, "status": "FAIL", "status_list": {"pass": "0", "fail": "2", "skip": "0", "error": "0", "xpass": "0", "xfail": "0", "rerun": "0"}, "total_tests": "2"}