{"content": {"suites": {"0": {"status": {"total_pass": 0, "total_skip": 0, "total_xpass": 0, "total_xfail": 0, "total_rerun": 0, "total_fail": 3, "total_error": 0}, "tests": {"0": {"status": "FAIL", "message": "   selenium.common.exceptions.TimeoutException: Message: \n   Stacktrace:\n   \tGetHandleVerifier [0x00CB4CE3+225091]\n   \t(No symbol) [0x00BE4E31]\n   \t(No symbol) [0x00A89A7A]\n   \t(No symbol) [0x00AC175B]\n   \t(No symbol) [0x00AC188B]\n   \t(No symbol) [0x00AF7882]\n   \t(No symbol) [0x00ADF5A4]\n   \t(No symbol) [0x00AF5CB0]\n   \t(No symbol) [0x00ADF2F6]\n   \t(No symbol) [0x00AB79B9]\n   \t(No symbol) [0x00AB879D]\n   \tsqlite3_dbdata_init [0x01129A83+4064547]\n   \tsqlite3_dbdata_init [0x0113108A+4094762]\n   \tsqlite3_dbdata_init [0x0112B988+4072488]\n   \tsqlite3_dbdata_init [0x00E2C9E9+930953]\n   \t(No symbol) [0x00BF0804]\n   \t(No symbol) [0x00BEAD28]\n   \t(No symbol) [0x00BEAE51]\n   \t(No symbol) [0x00BDCAC0]\n   \tBaseThreadInitThunk [0x77B1FCC9+25]\n   \tRtlGetAppContainerNamedObjectPath [0x77D37C5E+286]\n   \tRtlGetAppContainerNamedObjectPath [0x77D37C2E+238]\n", "test_name": "test_send_envelope_approve", "rerun": "0"}, "1": {"status": "FAIL", "message": "   selenium.common.exceptions.TimeoutException: Message: \n   Stacktrace:\n   \tGetHandleVerifier [0x00CB4CE3+225091]\n   \t(No symbol) [0x00BE4E31]\n   \t(No symbol) [0x00A89A7A]\n   \t(No symbol) [0x00AC175B]\n   \t(No symbol) [0x00AC188B]\n   \t(No symbol) [0x00AF7882]\n   \t(No symbol) [0x00ADF5A4]\n   \t(No symbol) [0x00AF5CB0]\n   \t(No symbol) [0x00ADF2F6]\n   \t(No symbol) [0x00AB79B9]\n   \t(No symbol) [0x00AB879D]\n   \tsqlite3_dbdata_init [0x01129A83+4064547]\n   \tsqlite3_dbdata_init [0x0113108A+4094762]\n   \tsqlite3_dbdata_init [0x0112B988+4072488]\n   \tsqlite3_dbdata_init [0x00E2C9E9+930953]\n   \t(No symbol) [0x00BF0804]\n   \t(No symbol) [0x00BEAD28]\n   \t(No symbol) [0x00BEAE51]\n   \t(No symbol) [0x00BDCAC0]\n   \tBaseThreadInitThunk [0x77B1FCC9+25]\n   \tRtlGetAppContainerNamedObjectPath [0x77D37C5E+286]\n   \tRtlGetAppContainerNamedObjectPath [0x77D37C2E+238]\n", "test_name": "test_download_allDocuments", "rerun": "0"}, "2": {"status": "FAIL", "message": "   selenium.common.exceptions.TimeoutException: Message: \n   Stacktrace:\n   \tGetHandleVerifier [0x00CB4CE3+225091]\n   \t(No symbol) [0x00BE4E31]\n   \t(No symbol) [0x00A89A7A]\n   \t(No symbol) [0x00AC175B]\n   \t(No symbol) [0x00AC188B]\n   \t(No symbol) [0x00AF7882]\n   \t(No symbol) [0x00ADF5A4]\n   \t(No symbol) [0x00AF5CB0]\n   \t(No symbol) [0x00ADF2F6]\n   \t(No symbol) [0x00AB79B9]\n   \t(No symbol) [0x00AB879D]\n   \tsqlite3_dbdata_init [0x01129A83+4064547]\n   \tsqlite3_dbdata_init [0x0113108A+4094762]\n   \tsqlite3_dbdata_init [0x0112B988+4072488]\n   \tsqlite3_dbdata_init [0x00E2C9E9+930953]\n   \t(No symbol) [0x00BF0804]\n   \t(No symbol) [0x00BEAD28]\n   \t(No symbol) [0x00BEAE51]\n   \t(No symbol) [0x00BDCAC0]\n   \tBaseThreadInitThunk [0x77B1FCC9+25]\n   \tRtlGetAppContainerNamedObjectPath [0x77D37C5E+286]\n   \tRtlGetAppContainerNamedObjectPath [0x77D37C2E+238]\n", "test_name": "test_envelope_completion_notification", "rerun": "0"}}, "suite_name": "test_upload_envelope_and_sign.py"}}}, "date": "April 07, 2024", "start_time": 1712456021.0855327, "total_suite": 1, "status": "FAIL", "status_list": {"pass": "0", "fail": "3", "skip": "0", "error": "0", "xpass": "0", "xfail": "0", "rerun": "0"}, "total_tests": "3"}