{"content": {"suites": {"0": {"status": {"total_pass": 0, "total_skip": 0, "total_xpass": 0, "total_xfail": 0, "total_rerun": 0, "total_fail": 1, "total_error": 0}, "tests": {"0": {"status": "FAIL", "message": "   selenium.common.exceptions.TimeoutException: Message: \n   Stacktrace:\n   \tGetHandleVerifier [0x00AC4CC3+225091]\n   \t(No symbol) [0x009F4E11]\n   \t(No symbol) [0x00899A7A]\n   \t(No symbol) [0x008D175B]\n   \t(No symbol) [0x008D188B]\n   \t(No symbol) [0x00907882]\n   \t(No symbol) [0x008EF5A4]\n   \t(No symbol) [0x00905CB0]\n   \t(No symbol) [0x008EF2F6]\n   \t(No symbol) [0x008C79B9]\n   \t(No symbol) [0x008C879D]\n   \tsqlite3_dbdata_init [0x00F39A63+4064547]\n   \tsqlite3_dbdata_init [0x00F4106A+4094762]\n   \tsqlite3_dbdata_init [0x00F3B968+4072488]\n   \tsqlite3_dbdata_init [0x00C3C9C9+930953]\n   \t(No symbol) [0x00A007E4]\n   \t(No symbol) [0x009FAD08]\n   \t(No symbol) [0x009FAE31]\n   \t(No symbol) [0x009ECAA0]\n   \tBaseThreadInitThunk [0x7574FCC9+25]\n   \tRtlGetAppContainerNamedObjectPath [0x77437C5E+286]\n   \tRtlGetAppContainerNamedObjectPath [0x77437C2E+238]\n", "test_name": "test_change_sign_size", "rerun": "0"}}, "suite_name": "test_change_sign_tag_size.py"}, "1": {"suite_name": "test_decline_envelope.py", "tests": {"0": {"status": "FAIL", "message": "   selenium.common.exceptions.TimeoutException: Message: \n   Stacktrace:\n   \tGetHandleVerifier [0x00AC4CC3+225091]\n   \t(No symbol) [0x009F4E11]\n   \t(No symbol) [0x00899A7A]\n   \t(No symbol) [0x008D175B]\n   \t(No symbol) [0x008D188B]\n   \t(No symbol) [0x00907882]\n   \t(No symbol) [0x008EF5A4]\n   \t(No symbol) [0x00905CB0]\n   \t(No symbol) [0x008EF2F6]\n   \t(No symbol) [0x008C79B9]\n   \t(No symbol) [0x008C879D]\n   \tsqlite3_dbdata_init [0x00F39A63+4064547]\n   \tsqlite3_dbdata_init [0x00F4106A+4094762]\n   \tsqlite3_dbdata_init [0x00F3B968+4072488]\n   \tsqlite3_dbdata_init [0x00C3C9C9+930953]\n   \t(No symbol) [0x00A007E4]\n   \t(No symbol) [0x009FAD08]\n   \t(No symbol) [0x009FAE31]\n   \t(No symbol) [0x009ECAA0]\n   \tBaseThreadInitThunk [0x7574FCC9+25]\n   \tRtlGetAppContainerNamedObjectPath [0x77437C5E+286]\n   \tRtlGetAppContainerNamedObjectPath [0x77437C2E+238]\n", "test_name": "test_declineEnvelope", "rerun": "0"}, "1": {"status": "PASS", "message": "", "test_name": "test_verify_decline_notification", "rerun": "0"}}, "status": {"total_pass": 1, "total_skip": 0, "total_xpass": 0, "total_xfail": 0, "total_rerun": 0, "total_fail": 1, "total_error": 0}}}}, "date": "April 04, 2024", "start_time": 1712219566.8685737, "total_suite": 2, "status": "FAIL", "status_list": {"pass": "1", "fail": "2", "skip": "0", "error": "0", "xpass": "0", "xfail": "0", "rerun": "0"}, "total_tests": "3"}