{"content": {"suites": {"0": {"status": {"total_pass": 0, "total_skip": 0, "total_xpass": 0, "total_xfail": 0, "total_rerun": 0, "total_fail": 2, "total_error": 0}, "tests": {"0": {"status": "FAIL", "message": "   selenium.common.exceptions.StaleElementReferenceException: Message: stale element reference: stale element not found in the current frame\n     (Session info: chrome=123.0.6312.88)\n   Stacktrace:\n   \tGetHandleVerifier [0x00624CE3+225091]\n   \t(No symbol) [0x00554E31]\n   \t(No symbol) [0x003F9A7A]\n   \t(No symbol) [0x003FDEB0]\n   \t(No symbol) [0x003FFA76]\n   \t(No symbol) [0x004665E2]\n   \t(No symbol) [0x0044F55C]\n   \t(No symbol) [0x00465CB0]\n   \t(No symbol) [0x0044F2F6]\n   \t(No symbol) [0x004279B9]\n   \t(No symbol) [0x0042879D]\n   \tsqlite3_dbdata_init [0x00A99A83+4064547]\n   \tsqlite3_dbdata_init [0x00AA108A+4094762]\n   \tsqlite3_dbdata_init [0x00A9B988+4072488]\n   \tsqlite3_dbdata_init [0x0079C9E9+930953]\n   \t(No symbol) [0x00560804]\n   \t(No symbol) [0x0055AD28]\n   \t(No symbol) [0x0055AE51]\n   \t(No symbol) [0x0054CAC0]\n   \tBaseThreadInitThunk [0x77B1FCC9+25]\n   \tRtlGetAppContainerNamedObjectPath [0x77D37C5E+286]\n   \tRtlGetAppContainerNamedObjectPath [0x77D37C2E+238]\n", "test_name": "testReceiverReceivesEnvelope", "rerun": "0"}, "1": {"status": "FAIL", "message": "   selenium.common.exceptions.NoSuchWindowException: Message: no such window: target window already closed\n   from unknown error: web view not found\n     (Session info: chrome=123.0.6312.88)\n   Stacktrace:\n   \tGetHandleVerifier [0x00624CE3+225091]\n   \t(No symbol) [0x00554E31]\n   \t(No symbol) [0x003F9A7A]\n   \t(No symbol) [0x003DE312]\n   \t(No symbol) [0x0045517B]\n   \t(No symbol) [0x004655A6]\n   \t(No symbol) [0x0044F2F6]\n   \t(No symbol) [0x004279B9]\n   \t(No symbol) [0x0042879D]\n   \tsqlite3_dbdata_init [0x00A99A83+4064547]\n   \tsqlite3_dbdata_init [0x00AA108A+4094762]\n   \tsqlite3_dbdata_init [0x00A9B988+4072488]\n   \tsqlite3_dbdata_init [0x0079C9E9+930953]\n   \t(No symbol) [0x00560804]\n   \t(No symbol) [0x0055AD28]\n   \t(No symbol) [0x0055AE51]\n   \t(No symbol) [0x0054CAC0]\n   \tBaseThreadInitThunk [0x77B1FCC9+25]\n   \tRtlGetAppContainerNamedObjectPath [0x77D37C5E+286]\n   \tRtlGetAppContainerNamedObjectPath [0x77D37C2E+238]\n", "test_name": "test_verify_receiver_receives_copy", "rerun": "0"}}, "suite_name": "test_verify_receiver_receives_envelope.py"}}}, "date": "April 05, 2024", "start_time": 1712297065.0745127, "total_suite": 1, "status": "FAIL", "status_list": {"pass": "0", "fail": "2", "skip": "0", "error": "0", "xpass": "0", "xfail": "0", "rerun": "0"}, "total_tests": "2"}