{"content": {"suites": {"0": {"status": {"total_pass": 0, "total_skip": 0, "total_xpass": 0, "total_xfail": 0, "total_rerun": 0, "total_fail": 2, "total_error": 0}, "tests": {"0": {"status": "FAIL", "message": "   selenium.common.exceptions.StaleElementReferenceException: Message: stale element reference: stale element not found\n     (Session info: chrome=122.0.6261.112)\n   Stacktrace:\n   \tGetHandleVerifier [0x00EB8D03+51395]\n   \t(No symbol) [0x00E25F61]\n   \t(No symbol) [0x00CDE13A]\n   \t(No symbol) [0x00CE2480]\n   \t(No symbol) [0x00CE3E69]\n   \t(No symbol) [0x00CE3F00]\n   \t(No symbol) [0x00D12C0C]\n   \t(No symbol) [0x00D33E8C]\n   \t(No symbol) [0x00D0DF7E]\n   \t(No symbol) [0x00D34124]\n   \t(No symbol) [0x00D4A570]\n   \t(No symbol) [0x00D33C26]\n   \t(No symbol) [0x00D0C629]\n   \t(No symbol) [0x00D0D40D]\n   \tGetHandleVerifier [0x012368D3+3712147]\n   \tGetHandleVerifier [0x01275CBA+3971194]\n   \tGetHandleVerifier [0x01270FA8+3951464]\n   \tGetHandleVerifier [0x00F69D09+776393]\n   \t(No symbol) [0x00E31734]\n   \t(No symbol) [0x00E2C618]\n   \t(No symbol) [0x00E2C7C9]\n   \t(No symbol) [0x00E1DDF0]\n   \tBaseThreadInitThunk [0x7506FCC9+25]\n   \tRtlGetAppContainerNamedObjectPath [0x770A7C5E+286]\n   \tRtlGetAppContainerNamedObjectPath [0x770A7C2E+238]\n", "test_name": "test_declineEnvelope", "rerun": "0"}, "1": {"status": "FAIL", "message": "   selenium.common.exceptions.NoSuchWindowException: Message: no such window: target window already closed\n   from unknown error: web view not found\n     (Session info: chrome=122.0.6261.112)\n   Stacktrace:\n   \tGetHandleVerifier [0x00EB8D03+51395]\n   \t(No symbol) [0x00E25F61]\n   \t(No symbol) [0x00CDE13A]\n   \t(No symbol) [0x00CC25F2]\n   \t(No symbol) [0x00D39B2B]\n   \t(No symbol) [0x00D49E66]\n   \t(No symbol) [0x00D33C26]\n   \t(No symbol) [0x00D0C629]\n   \t(No symbol) [0x00D0D40D]\n   \tGetHandleVerifier [0x012368D3+3712147]\n   \tGetHandleVerifier [0x01275CBA+3971194]\n   \tGetHandleVerifier [0x01270FA8+3951464]\n   \tGetHandleVerifier [0x00F69D09+776393]\n   \t(No symbol) [0x00E31734]\n   \t(No symbol) [0x00E2C618]\n   \t(No symbol) [0x00E2C7C9]\n   \t(No symbol) [0x00E1DDF0]\n   \tBaseThreadInitThunk [0x7506FCC9+25]\n   \tRtlGetAppContainerNamedObjectPath [0x770A7C5E+286]\n   \tRtlGetAppContainerNamedObjectPath [0x770A7C2E+238]\n", "test_name": "test_decline_notification", "rerun": "0"}}, "suite_name": "test_decline_envelope.py"}}}, "date": "March 13, 2024", "start_time": 1710308816.4767323, "total_suite": 1, "status": "FAIL", "status_list": {"pass": "0", "fail": "2", "skip": "0", "error": "0", "xpass": "0", "xfail": "0", "rerun": "0"}, "total_tests": "2"}