{"content": {"suites": {"0": {"status": {"total_pass": 1, "total_skip": 0, "total_xpass": 0, "total_xfail": 0, "total_rerun": 0, "total_fail": 2, "total_error": 0}, "tests": {"0": {"status": "FAIL", "message": "   selenium.common.exceptions.StaleElementReferenceException: Message: stale element reference: stale element not found in the current frame\n     (Session info: chrome=123.0.6312.106)\n   Stacktrace:\n   \tGetHandleVerifier [0x006C4CE3+225091]\n   \t(No symbol) [0x005F4E31]\n   \t(No symbol) [0x00499A7A]\n   \t(No symbol) [0x0049DEB0]\n   \t(No symbol) [0x0049FA76]\n   \t(No symbol) [0x005065E2]\n   \t(No symbol) [0x004EF55C]\n   \t(No symbol) [0x00505CB0]\n   \t(No symbol) [0x004EF2F6]\n   \t(No symbol) [0x004C79B9]\n   \t(No symbol) [0x004C879D]\n   \tsqlite3_dbdata_init [0x00B39A83+4064547]\n   \tsqlite3_dbdata_init [0x00B4108A+4094762]\n   \tsqlite3_dbdata_init [0x00B3B988+4072488]\n   \tsqlite3_dbdata_init [0x0083C9E9+930953]\n   \t(No symbol) [0x00600804]\n   \t(No symbol) [0x005FAD28]\n   \t(No symbol) [0x005FAE51]\n   \t(No symbol) [0x005ECAC0]\n   \tBaseThreadInitThunk [0x77B1FCC9+25]\n   \tRtlGetAppContainerNamedObjectPath [0x77D37C5E+286]\n   \tRtlGetAppContainerNamedObjectPath [0x77D37C2E+238]\n", "test_name": "test_send_envelope_approve", "rerun": "0"}, "1": {"status": "FAIL", "message": "   selenium.common.exceptions.TimeoutException: Message: \n   Stacktrace:\n   \tGetHandleVerifier [0x006C4CE3+225091]\n   \t(No symbol) [0x005F4E31]\n   \t(No symbol) [0x00499A7A]\n   \t(No symbol) [0x004D175B]\n   \t(No symbol) [0x004D188B]\n   \t(No symbol) [0x00507882]\n   \t(No symbol) [0x004EF5A4]\n   \t(No symbol) [0x00505CB0]\n   \t(No symbol) [0x004EF2F6]\n   \t(No symbol) [0x004C79B9]\n   \t(No symbol) [0x004C879D]\n   \tsqlite3_dbdata_init [0x00B39A83+4064547]\n   \tsqlite3_dbdata_init [0x00B4108A+4094762]\n   \tsqlite3_dbdata_init [0x00B3B988+4072488]\n   \tsqlite3_dbdata_init [0x0083C9E9+930953]\n   \t(No symbol) [0x00600804]\n   \t(No symbol) [0x005FAD28]\n   \t(No symbol) [0x005FAE51]\n   \t(No symbol) [0x005ECAC0]\n   \tBaseThreadInitThunk [0x77B1FCC9+25]\n   \tRtlGetAppContainerNamedObjectPath [0x77D37C5E+286]\n   \tRtlGetAppContainerNamedObjectPath [0x77D37C2E+238]\n", "test_name": "test_download_allDocuments", "rerun": "0"}, "2": {"status": "PASS", "message": "", "test_name": "test_envelope_completion_notification", "rerun": "0"}}, "suite_name": "test_1upload_envelope_and_sign.py"}}}, "date": "April 07, 2024", "start_time": 1712472032.351313, "total_suite": 1, "status": "FAIL", "status_list": {"pass": "1", "fail": "2", "skip": "0", "error": "0", "xpass": "0", "xfail": "0", "rerun": "0"}, "total_tests": "3"}