{"content": {"suites": {"0": {"status": {"total_pass": 0, "total_skip": 0, "total_xpass": 0, "total_xfail": 0, "total_rerun": 0, "total_fail": 1, "total_error": 0}, "tests": {"0": {"status": "FAIL", "message": "   selenium.common.exceptions.StaleElementReferenceException: Message: stale element reference: stale element not found in the current frame\n     (Session info: chrome=123.0.6312.88)\n   Stacktrace:\n   \tGetHandleVerifier [0x00724CC3+225091]\n   \t(No symbol) [0x00654E11]\n   \t(No symbol) [0x004F9A7A]\n   \t(No symbol) [0x004FDEB0]\n   \t(No symbol) [0x004FF862]\n   \t(No symbol) [0x004FF8E0]\n   \t(No symbol) [0x0053318E]\n   \t(No symbol) [0x0053258B]\n   \t(No symbol) [0x005298DE]\n   \t(No symbol) [0x0054F55C]\n   \t(No symbol) [0x0052930E]\n   \t(No symbol) [0x0054F7F4]\n   \t(No symbol) [0x00565CB0]\n   \t(No symbol) [0x0054F2F6]\n   \t(No symbol) [0x005279B9]\n   \t(No symbol) [0x0052879D]\n   \tsqlite3_dbdata_init [0x00B99A63+4064547]\n   \tsqlite3_dbdata_init [0x00BA106A+4094762]\n   \tsqlite3_dbdata_init [0x00B9B968+4072488]\n   \tsqlite3_dbdata_init [0x0089C9C9+930953]\n   \t(No symbol) [0x006607E4]\n   \t(No symbol) [0x0065AD08]\n   \t(No symbol) [0x0065AE31]\n   \t(No symbol) [0x0064CAA0]\n   \tBaseThreadInitThunk [0x77B1FCC9+25]\n   \tRtlGetAppContainerNamedObjectPath [0x77D37C5E+286]\n   \tRtlGetAppContainerNamedObjectPath [0x77D37C2E+238]\n", "test_name": "test_change_sign_size", "rerun": "0"}}, "suite_name": "test_change_sign_tag_size.py"}, "1": {"suite_name": "test_decline_envelope.py", "tests": {"0": {"status": "PASS", "message": "", "test_name": "test_declineEnvelope", "rerun": "0"}, "1": {"status": "FAIL", "message": "   selenium.common.exceptions.TimeoutException: Message: \n   Stacktrace:\n   \tGetHandleVerifier [0x00724CC3+225091]\n   \t(No symbol) [0x00654E11]\n   \t(No symbol) [0x004F9A7A]\n   \t(No symbol) [0x0053175B]\n   \t(No symbol) [0x0053188B]\n   \t(No symbol) [0x00567882]\n   \t(No symbol) [0x0054F5A4]\n   \t(No symbol) [0x00565CB0]\n   \t(No symbol) [0x0054F2F6]\n   \t(No symbol) [0x005279B9]\n   \t(No symbol) [0x0052879D]\n   \tsqlite3_dbdata_init [0x00B99A63+4064547]\n   \tsqlite3_dbdata_init [0x00BA106A+4094762]\n   \tsqlite3_dbdata_init [0x00B9B968+4072488]\n   \tsqlite3_dbdata_init [0x0089C9C9+930953]\n   \t(No symbol) [0x006607E4]\n   \t(No symbol) [0x0065AD08]\n   \t(No symbol) [0x0065AE31]\n   \t(No symbol) [0x0064CAA0]\n   \tBaseThreadInitThunk [0x77B1FCC9+25]\n   \tRtlGetAppContainerNamedObjectPath [0x77D37C5E+286]\n   \tRtlGetAppContainerNamedObjectPath [0x77D37C2E+238]\n", "test_name": "test_verify_decline_notification", "rerun": "0"}}, "status": {"total_pass": 1, "total_skip": 0, "total_xpass": 0, "total_xfail": 0, "total_rerun": 0, "total_fail": 1, "total_error": 0}}}}, "date": "April 04, 2024", "start_time": 1712221334.794299, "total_suite": 2, "status": "FAIL", "status_list": {"pass": "1", "fail": "2", "skip": "0", "error": "0", "xpass": "0", "xfail": "0", "rerun": "0"}, "total_tests": "3"}