{"content": {"suites": {"0": {"status": {"total_pass": 0, "total_skip": 0, "total_xpass": 0, "total_xfail": 0, "total_rerun": 0, "total_fail": 1, "total_error": 0}, "tests": {"0": {"status": "FAIL", "message": "   selenium.common.exceptions.ElementClickInterceptedException: Message: element click intercepted: Element <input data-setting-search=\"true\" data-setting-key-map=\"AllowMemberTimeZone\" data-ui-models=\"[object Object]\" data-qa=\"regional_settings_allow_user_to_set_time_zone_format_cb\" id=\"C0IkX8G4jh\" type=\"checkbox\" class=\"css-10nxdey\" value=\"\" checked=\"\"> is not clickable at point (356, 250). Other element would receive the click: <label data-qa=\"regional_settings_allow_user_to_set_time_zone_format_cb-label\" for=\"C0IkX8G4jh\" class=\"css-129ak9u\">...</label>\n     (Session info: chrome=123.0.6312.86)\n   Stacktrace:\n   \tGetHandleVerifier [0x004F4CC3+225091]\n   \t(No symbol) [0x00424E11]\n   \t(No symbol) [0x002C9A7A]\n   \t(No symbol) [0x00306D42]\n   \t(No symbol) [0x00305574]\n   \t(No symbol) [0x003035DB]\n   \t(No symbol) [0x003027BA]\n   \t(No symbol) [0x002F98DE]\n   \t(No symbol) [0x0031F55C]\n   \t(No symbol) [0x002F930E]\n   \t(No symbol) [0x0031F7F4]\n   \t(No symbol) [0x00335CB0]\n   \t(No symbol) [0x0031F2F6]\n   \t(No symbol) [0x002F79B9]\n   \t(No symbol) [0x002F879D]\n   \tsqlite3_dbdata_init [0x00969A63+4064547]\n   \tsqlite3_dbdata_init [0x0097106A+4094762]\n   \tsqlite3_dbdata_init [0x0096B968+4072488]\n   \tsqlite3_dbdata_init [0x0066C9C9+930953]\n   \t(No symbol) [0x004307E4]\n   \t(No symbol) [0x0042AD08]\n   \t(No symbol) [0x0042AE31]\n   \t(No symbol) [0x0041CAA0]\n   \tBaseThreadInitThunk [0x7574FCC9+25]\n   \tRtlGetAppContainerNamedObjectPath [0x77437C5E+286]\n   \tRtlGetAppContainerNamedObjectPath [0x77437C2E+238]\n   selenium.common.exceptions.ElementClickInterceptedException: Message: element click intercepted: Element <input data-setting-search=\"true\" data-setting-key-map=\"AllowMemberTimeZone\" data-ui-models=\"[object Object]\" data-qa=\"regional_settings_allow_user_to_set_time_zone_format_cb\" id=\"C0IkX8G4jh\" type=\"checkbox\" class=\"css-10nxdey\" value=\"\" checked=\"\"> is not clickable at point (356, 250). Other element would receive the click: <label data-qa=\"regional_settings_allow_user_to_set_time_zone_format_cb-label\" for=\"C0IkX8G4jh\" class=\"css-129ak9u\">...</label>\n     (Session info: chrome=123.0.6312.86)\n   Stacktrace:\n   \tGetHandleVerifier [0x004F4CC3+225091]\n   \t(No symbol) [0x00424E11]\n   \t(No symbol) [0x002C9A7A]\n   \t(No symbol) [0x00306D42]\n   \t(No symbol) [0x00305574]\n   \t(No symbol) [0x003035DB]\n   \t(No symbol) [0x003027BA]\n   \t(No symbol) [0x002F98DE]\n   \t(No symbol) [0x0031F55C]\n   \t(No symbol) [0x002F930E]\n   \t(No symbol) [0x0031F7F4]\n   \t(No symbol) [0x00335CB0]\n   \t(No symbol) [0x0031F2F6]\n   \t(No symbol) [0x002F79B9]\n   \t(No symbol) [0x002F879D]\n   \tsqlite3_dbdata_init [0x00969A63+4064547]\n   \tsqlite3_dbdata_init [0x0097106A+4094762]\n   \tsqlite3_dbdata_init [0x0096B968+4072488]\n   \tsqlite3_dbdata_init [0x0066C9C9+930953]\n   \t(No symbol) [0x004307E4]\n   \t(No symbol) [0x0042AD08]\n   \t(No symbol) [0x0042AE31]\n   \t(No symbol) [0x0041CAA0]\n   \tBaseThreadInitThunk [0x7574FCC9+25]\n   \tRtlGetAppContainerNamedObjectPath [0x77437C5E+286]\n   \tRtlGetAppContainerNamedObjectPath [0x77437C2E+238]\n", "test_name": "test_verify_date_time_format", "rerun": "0"}}, "suite_name": "test_verify_date_time_format.py"}}}, "date": "April 01, 2024", "start_time": 1711941928.5048804, "total_suite": 1, "status": "FAIL", "status_list": {"pass": "0", "fail": "1", "skip": "0", "error": "0", "xpass": "0", "xfail": "0", "rerun": "0"}, "total_tests": "1"}